<?xml version="1.0" encoding="UTF-8"?>
<!-- Generated by org.testng.reporters.JUnitReportReporter -->
<testsuite hostname="ARSU_2831" failures="0" tests="1" name="tes.TestngClass3" time="0.013" errors="0" timestamp="2024-11-16T09:32:18 IST" skipped="0">
  <testcase classname="tes.TestngClass3" name="test02" time="0.013"/>
</testsuite> <!-- tes.TestngClass3 -->
