<?xml version="1.0" encoding="UTF-8"?>
<!-- Generated by org.testng.reporters.JUnitReportReporter -->
<testsuite hostname="ARSU_2831" failures="0" tests="2" name="tes.TestingExample2" time="30.162" errors="0" timestamp="2024-11-03T11:26:25 IST" skipped="0">
  <testcase classname="tes.TestingExample2" name="test03" time="0.014"/>
  <testcase classname="tes.TestingExample2" name="test02" time="30.148"/>
</testsuite> <!-- tes.TestingExample2 -->
