<?xml version="1.0" encoding="UTF-8"?>
<!-- Generated by org.testng.reporters.JUnitReportReporter -->
<testsuite hostname="ARSU_2831" failures="0" tests="4" name="tes.Testngclass1" time="1.859" errors="0" timestamp="2024-11-16T10:25:40 IST" skipped="0">
  <testcase classname="tes.Testngclass1" name="test01" time="0.016"/>
  <testcase classname="tes.Testngclass1" name="test02" time="0.023"/>
  <testcase classname="tes.Testngclass1" name="test01" time="0.002"/>
  <testcase classname="tes.Testngclass1" name="initBrowser" time="1.818"/>
</testsuite> <!-- tes.Testngclass1 -->
