<?xml version="1.0" encoding="UTF-8"?>
<!-- Generated by org.testng.reporters.JUnitReportReporter -->
<testsuite hostname="ARSU_2831" failures="0" tests="1" name="tes.ReadJsonFileData" time="0.035" errors="0" timestamp="2024-11-10T10:15:30 IST" skipped="0">
  <testcase classname="tes.ReadJsonFileData" name="readData" time="0.035"/>
</testsuite> <!-- tes.ReadJsonFileData -->
