<?xml version="1.0" encoding="UTF-8"?>
<!-- Generated by org.testng.reporters.JUnitReportReporter -->
<testsuite hostname="ARSU_2831" failures="0" tests="1" name="tes.TestingClass5" time="0.025" errors="0" timestamp="2024-11-10T15:58:22 IST" skipped="0">
  <testcase classname="tes.TestingClass5" name="jsonDataRead" time="0.025"/>
</testsuite> <!-- tes.TestingClass5 -->
