<?xml version="1.0" encoding="UTF-8"?>
<!-- Generated by org.testng.reporters.JUnitReportReporter -->
<testsuite hostname="ARSU_2831" failures="0" tests="2" name="tes.test1" time="17.085" errors="0" timestamp="2024-11-16T10:25:40 IST" skipped="0">
  <testcase classname="tes.test1" name="test02" time="13.194"/>
  <testcase classname="tes.test1" name="test01" time="3.891"/>
</testsuite> <!-- tes.test1 -->
