<?xml version="1.0" encoding="UTF-8"?>
<!-- Generated by org.testng.reporters.JUnitReportReporter -->
<testsuite hostname="ARSU_2831" failures="0" tests="1" name="tes.TestingExample" time="0.041" errors="0" timestamp="2024-11-03T11:07:10 IST" skipped="0">
  <testcase classname="tes.TestingExample" name="test01" time="0.041"/>
</testsuite> <!-- tes.TestingExample -->
