<?xml version="1.0" encoding="UTF-8"?>
<!-- Generated by org.testng.reporters.JUnitReportReporter -->
<testsuite hostname="ARSU_2831" failures="0" tests="1" name="tes.Testngdata2" time="0.001" errors="0" timestamp="2024-11-10T16:16:10 IST" skipped="0">
  <testcase classname="tes.Testngdata2" name="test1" time="0.001"/>
</testsuite> <!-- tes.Testngdata2 -->
