<?xml version="1.0" encoding="UTF-8"?>
<!-- Generated by org.testng.reporters.JUnitReportReporter -->
<testsuite hostname="ARSU_2831" failures="0" tests="3" name="tes.Testngclass1" time="0.016" errors="0" timestamp="2024-11-10T16:16:10 IST" skipped="0">
  <testcase classname="tes.Testngclass1" name="test01" time="0.004"/>
  <testcase classname="tes.Testngclass1" name="test02" time="0.010"/>
  <testcase classname="tes.Testngclass1" name="test01" time="0.002"/>
</testsuite> <!-- tes.Testngclass1 -->
